<?xml version="1.0" encoding="UTF-8"?>
<!-- Generated by org.testng.reporters.JUnitReportReporter -->
<testsuite hostname="DESKTOP-EF0HLP6" name="test.Test99GuruLogin" tests="1" failures="0" timestamp="17 Nov 2019 06:34:47 GMT" time="1.667" errors="0">
  <testcase name="test_Home_Page_Appear_Correct" time="1.667" classname="test.Test99GuruLogin"/>
</testsuite> <!-- test.Test99GuruLogin -->
